# JRE version: OpenJDK Runtime Environment Temurin-21.0.10+7 (21.0.10+7) (build 21.0.10+7-LTS)
# Java VM: OpenJDK 64-Bit Server VM Temurin-21.0.10+7 (21.0.10+7-LTS, mixed mode, sharing, tiered, compressed oops, compressed class ptrs, parallel gc, windows-amd64)
GC Precious Log:
 CardTable entry size: 512
 CPUs: 8 total, 8 available
 Memory: 7975M
 Large Page Support: Disabled
 NUMA Support: Disabled
 Compressed Oops: Enabled (32-bit)
 Alignments: Space 512K, Generation 512K, Heap 2M
 Heap Min Capacity: 100M
 Heap Initial Capacity: 100M
 Heap Max Capacity: 2G
 Pre-touch: Disabled
 Parallel Workers: 8
Heap:
 PSYoungGen      total 4608K, used 1394K [0x00000000d5580000, 0x00000000d5b80000, 0x0000000100000000)
  eden space 4096K, 22% used [0x00000000d5580000,0x00000000d5663788,0x00000000d5980000)
  from space 512K, 94% used [0x00000000d5a00000,0x00000000d5a79210,0x00000000d5a80000)
  to   space 1024K, 0% used [0x00000000d5a80000,0x00000000d5a80000,0x00000000d5b80000)
 ParOldGen       total 903168K, used 903132K [0x0000000080000000, 0x00000000b7200000, 0x00000000d5580000)
  object space 903168K, 99% used [0x0000000080000000,0x00000000b71f7238,0x00000000b7200000)
 Metaspace       used 88556K, committed 90432K, reserved 1179648K
  class space    used 9093K, committed 9984K, reserved 1048576K
GC Heap History (20 events):
Event: 1303.351 GC heap before
{Heap before GC invocations=1397 (full 5):
 PSYoungGen      total 7168K, used 7136K [0x00000000d5580000, 0x00000000d6680000, 0x0000000100000000)
  eden space 4096K, 100% used [0x00000000d5580000,0x00000000d5980000,0x00000000d5980000)
  from space 3072K, 98% used [0x00000000d5980000,0x00000000d5c781a8,0x00000000d5c80000)
  to   space 6144K, 0% used [0x00000000d6080000,0x00000000d6080000,0x00000000d6680000)
 ParOldGen       total 857088K, used 856979K [0x0000000080000000, 0x00000000b4500000, 0x00000000d5580000)
  object space 857088K, 99% used [0x0000000080000000,0x00000000b44e4f20,0x00000000b4500000)
 Metaspace       used 88535K, committed 90432K, reserved 1179648K
  class space    used 9093K, committed 9984K, reserved 1048576K
}
Event: 1303.357 GC heap after
{Heap after GC invocations=1397 (full 5):
 PSYoungGen      total 8704K, used 3427K [0x00000000d5580000, 0x00000000d6400000, 0x0000000100000000)
  eden space 5120K, 0% used [0x00000000d5580000,0x00000000d5580000,0x00000000d5a80000)
  from space 3584K, 95% used [0x00000000d6080000,0x00000000d63d8c08,0x00000000d6400000)
  to   space 4608K, 0% used [0x00000000d5b00000,0x00000000d5b00000,0x00000000d5f80000)
 ParOldGen       total 860160K, used 859973K [0x0000000080000000, 0x00000000b4800000, 0x00000000d5580000)
  object space 860160K, 99% used [0x0000000080000000,0x00000000b47d1568,0x00000000b4800000)
 Metaspace       used 88535K, committed 90432K, reserved 1179648K
  class space    used 9093K, committed 9984K, reserved 1048576K
}
Event: 1303.436 GC heap before
{Heap before GC invocations=1398 (full 5):
 PSYoungGen      total 8704K, used 8547K [0x00000000d5580000, 0x00000000d6400000, 0x0000000100000000)
  eden space 5120K, 100% used [0x00000000d5580000,0x00000000d5a80000,0x00000000d5a80000)
  from space 3584K, 95% used [0x00000000d6080000,0x00000000d63d8c08,0x00000000d6400000)
  to   space 4608K, 0% used [0x00000000d5b00000,0x00000000d5b00000,0x00000000d5f80000)
 ParOldGen       total 891904K, used 890693K [0x0000000080000000, 0x00000000b6700000, 0x00000000d5580000)
  object space 891904K, 99% used [0x0000000080000000,0x00000000b65d1598,0x00000000b6700000)
 Metaspace       used 88543K, committed 90432K, reserved 1179648K
  class space    used 9093K, committed 9984K, reserved 1048576K
}
Event: 1303.443 GC heap after
{Heap after GC invocations=1398 (full 5):
 PSYoungGen      total 8704K, used 3346K [0x00000000d5580000, 0x00000000d6180000, 0x0000000100000000)
  eden space 5120K, 0% used [0x00000000d5580000,0x00000000d5580000,0x00000000d5a80000)
  from space 3584K, 93% used [0x00000000d5b00000,0x00000000d5e44a70,0x00000000d5e80000)
  to   space 3072K, 0% used [0x00000000d5e80000,0x00000000d5e80000,0x00000000d6180000)
 ParOldGen       total 892928K, used 892581K [0x0000000080000000, 0x00000000b6800000, 0x00000000d5580000)
  object space 892928K, 99% used [0x0000000080000000,0x00000000b67a9598,0x00000000b6800000)
 Metaspace       used 88543K, committed 90432K, reserved 1179648K
  class space    used 9093K, committed 9984K, reserved 1048576K
}
Event: 1303.461 GC heap before
{Heap before GC invocations=1399 (full 5):
 PSYoungGen      total 8704K, used 8466K [0x00000000d5580000, 0x00000000d6180000, 0x0000000100000000)
  eden space 5120K, 99% used [0x00000000d5580000,0x00000000d5a7ffe8,0x00000000d5a80000)
  from space 3584K, 93% used [0x00000000d5b00000,0x00000000d5e44a70,0x00000000d5e80000)
  to   space 3072K, 0% used [0x00000000d5e80000,0x00000000d5e80000,0x00000000d6180000)
 ParOldGen       total 892928K, used 892581K [0x0000000080000000, 0x00000000b6800000, 0x00000000d5580000)
  object space 892928K, 99% used [0x0000000080000000,0x00000000b67a9598,0x00000000b6800000)
 Metaspace       used 88543K, committed 90432K, reserved 1179648K
  class space    used 9093K, committed 9984K, reserved 1048576K
}
Event: 1303.470 GC heap after
{Heap after GC invocations=1399 (full 5):
 PSYoungGen      total 3584K, used 3072K [0x00000000d5580000, 0x00000000d6c80000, 0x0000000100000000)
  eden space 512K, 0% used [0x00000000d5580000,0x00000000d5580000,0x00000000d5600000)
  from space 3072K, 100% used [0x00000000d5e80000,0x00000000d6180000,0x00000000d6180000)
  to   space 8704K, 0% used [0x00000000d5600000,0x00000000d5600000,0x00000000d5e80000)
 ParOldGen       total 897536K, used 897136K [0x0000000080000000, 0x00000000b6c80000, 0x00000000d5580000)
  object space 897536K, 99% used [0x0000000080000000,0x00000000b6c1c028,0x00000000b6c80000)
 Metaspace       used 88543K, committed 90432K, reserved 1179648K
  class space    used 9093K, committed 9984K, reserved 1048576K
}
Event: 1303.471 GC heap before
{Heap before GC invocations=1400 (full 5):
 PSYoungGen      total 3584K, used 3574K [0x00000000d5580000, 0x00000000d6c80000, 0x0000000100000000)
  eden space 512K, 98% used [0x00000000d5580000,0x00000000d55fd860,0x00000000d5600000)
  from space 3072K, 100% used [0x00000000d5e80000,0x00000000d6180000,0x00000000d6180000)
  to   space 8704K, 0% used [0x00000000d5600000,0x00000000d5600000,0x00000000d5e80000)
 ParOldGen       total 897536K, used 897136K [0x0000000080000000, 0x00000000b6c80000, 0x00000000d5580000)
  object space 897536K, 99% used [0x0000000080000000,0x00000000b6c1c028,0x00000000b6c80000)
 Metaspace       used 88543K, committed 90432K, reserved 1179648K
  class space    used 9093K, committed 9984K, reserved 1048576K
}
Event: 1303.477 GC heap after
{Heap after GC invocations=1400 (full 5):
 PSYoungGen      total 1024K, used 480K [0x00000000d5580000, 0x00000000d5f00000, 0x0000000100000000)
  eden space 512K, 0% used [0x00000000d5580000,0x00000000d5580000,0x00000000d5600000)
  from space 512K, 93% used [0x00000000d5600000,0x00000000d5678000,0x00000000d5680000)
  to   space 3584K, 0% used [0x00000000d5b80000,0x00000000d5b80000,0x00000000d5f00000)
 ParOldGen       total 900608K, used 900240K [0x0000000080000000, 0x00000000b6f80000, 0x00000000d5580000)
  object space 900608K, 99% used [0x0000000080000000,0x00000000b6f24028,0x00000000b6f80000)
 Metaspace       used 88543K, committed 90432K, reserved 1179648K
  class space    used 9093K, committed 9984K, reserved 1048576K
}
Event: 1303.480 GC heap before
{Heap before GC invocations=1401 (full 5):
 PSYoungGen      total 1024K, used 926K [0x00000000d5580000, 0x00000000d5f00000, 0x0000000100000000)
  eden space 512K, 87% used [0x00000000d5580000,0x00000000d55efb98,0x00000000d5600000)
  from space 512K, 93% used [0x00000000d5600000,0x00000000d5678000,0x00000000d5680000)
  to   space 3584K, 0% used [0x00000000d5b80000,0x00000000d5b80000,0x00000000d5f00000)
 ParOldGen       total 900608K, used 900240K [0x0000000080000000, 0x00000000b6f80000, 0x00000000d5580000)
  object space 900608K, 99% used [0x0000000080000000,0x00000000b6f24028,0x00000000b6f80000)
 Metaspace       used 88543K, committed 90432K, reserved 1179648K
  class space    used 9093K, committed 9984K, reserved 1048576K
}
Event: 1303.483 GC heap after
{Heap after GC invocations=1401 (full 5):
 PSYoungGen      total 1536K, used 360K [0x00000000d5580000, 0x00000000d5c00000, 0x0000000100000000)
  eden space 1024K, 0% used [0x00000000d5580000,0x00000000d5580000,0x00000000d5680000)
  from space 512K, 70% used [0x00000000d5b80000,0x00000000d5bda000,0x00000000d5c00000)
  to   space 1024K, 0% used [0x00000000d5a00000,0x00000000d5a00000,0x00000000d5b00000)
 ParOldGen       total 900608K, used 900576K [0x0000000080000000, 0x00000000b6f80000, 0x00000000d5580000)
  object space 900608K, 99% used [0x0000000080000000,0x00000000b6f78028,0x00000000b6f80000)
 Metaspace       used 88543K, committed 90432K, reserved 1179648K
  class space    used 9093K, committed 9984K, reserved 1048576K
}
Event: 1303.489 GC heap before
{Heap before GC invocations=1402 (full 5):
 PSYoungGen      total 1536K, used 1384K [0x00000000d5580000, 0x00000000d5c00000, 0x0000000100000000)
  eden space 1024K, 100% used [0x00000000d5580000,0x00000000d5680000,0x00000000d5680000)
  from space 512K, 70% used [0x00000000d5b80000,0x00000000d5bda000,0x00000000d5c00000)
  to   space 1024K, 0% used [0x00000000d5a00000,0x00000000d5a00000,0x00000000d5b00000)
 ParOldGen       total 900608K, used 900576K [0x0000000080000000, 0x00000000b6f80000, 0x00000000d5580000)
  object space 900608K, 99% used [0x0000000080000000,0x00000000b6f78028,0x00000000b6f80000)
 Metaspace       used 88543K, committed 90432K, reserved 1179648K
  class space    used 9093K, committed 9984K, reserved 1048576K
}
Event: 1303.492 GC heap after
{Heap after GC invocations=1402 (full 5):
 PSYoungGen      total 2560K, used 816K [0x00000000d5580000, 0x00000000d5c00000, 0x0000000100000000)
  eden space 1536K, 0% used [0x00000000d5580000,0x00000000d5580000,0x00000000d5700000)
  from space 1024K, 79% used [0x00000000d5a00000,0x00000000d5acc000,0x00000000d5b00000)
  to   space 1024K, 0% used [0x00000000d5b00000,0x00000000d5b00000,0x00000000d5c00000)
 ParOldGen       total 901120K, used 900736K [0x0000000080000000, 0x00000000b7000000, 0x00000000d5580000)
  object space 901120K, 99% used [0x0000000080000000,0x00000000b6fa0028,0x00000000b7000000)
 Metaspace       used 88543K, committed 90432K, reserved 1179648K
  class space    used 9093K, committed 9984K, reserved 1048576K
}
Event: 1303.504 GC heap before
{Heap before GC invocations=1403 (full 5):
 PSYoungGen      total 2560K, used 2352K [0x00000000d5580000, 0x00000000d5c00000, 0x0000000100000000)
  eden space 1536K, 100% used [0x00000000d5580000,0x00000000d5700000,0x00000000d5700000)
  from space 1024K, 79% used [0x00000000d5a00000,0x00000000d5acc000,0x00000000d5b00000)
  to   space 1024K, 0% used [0x00000000d5b00000,0x00000000d5b00000,0x00000000d5c00000)
 ParOldGen       total 901120K, used 900736K [0x0000000080000000, 0x00000000b7000000, 0x00000000d5580000)
  object space 901120K, 99% used [0x0000000080000000,0x00000000b6fa0028,0x00000000b7000000)
 Metaspace       used 88543K, committed 90432K, reserved 1179648K
  class space    used 9093K, committed 9984K, reserved 1048576K
}
Event: 1303.506 GC heap after
{Heap after GC invocations=1403 (full 5):
 PSYoungGen      total 3072K, used 1024K [0x00000000d5580000, 0x00000000d5c00000, 0x0000000100000000)
  eden space 2048K, 0% used [0x00000000d5580000,0x00000000d5580000,0x00000000d5780000)
  from space 1024K, 100% used [0x00000000d5b00000,0x00000000d5c00000,0x00000000d5c00000)
  to   space 2048K, 0% used [0x00000000d5800000,0x00000000d5800000,0x00000000d5a00000)
 ParOldGen       total 901632K, used 901328K [0x0000000080000000, 0x00000000b7080000, 0x00000000d5580000)
  object space 901632K, 99% used [0x0000000080000000,0x00000000b7034028,0x00000000b7080000)
 Metaspace       used 88543K, committed 90432K, reserved 1179648K
  class space    used 9093K, committed 9984K, reserved 1048576K
}
Event: 1303.951 GC heap before
{Heap before GC invocations=1404 (full 5):
 PSYoungGen      total 3072K, used 3071K [0x00000000d5580000, 0x00000000d5c00000, 0x0000000100000000)
  eden space 2048K, 99% used [0x00000000d5580000,0x00000000d577fff0,0x00000000d5780000)
  from space 1024K, 100% used [0x00000000d5b00000,0x00000000d5c00000,0x00000000d5c00000)
  to   space 2048K, 0% used [0x00000000d5800000,0x00000000d5800000,0x00000000d5a00000)
 ParOldGen       total 901632K, used 901328K [0x0000000080000000, 0x00000000b7080000, 0x00000000d5580000)
  object space 901632K, 99% used [0x0000000080000000,0x00000000b7034028,0x00000000b7080000)
 Metaspace       used 88545K, committed 90432K, reserved 1179648K
  class space    used 9093K, committed 9984K, reserved 1048576K
}
Event: 1303.955 GC heap after
{Heap after GC invocations=1404 (full 5):
 PSYoungGen      total 4608K, used 554K [0x00000000d5580000, 0x00000000d5b80000, 0x0000000100000000)
  eden space 2560K, 0% used [0x00000000d5580000,0x00000000d5580000,0x00000000d5800000)
  from space 2048K, 27% used [0x00000000d5800000,0x00000000d588a910,0x00000000d5a00000)
  to   space 1024K, 0% used [0x00000000d5a80000,0x00000000d5a80000,0x00000000d5b80000)
 ParOldGen       total 902656K, used 902352K [0x0000000080000000, 0x00000000b7180000, 0x00000000d5580000)
  object space 902656K, 99% used [0x0000000080000000,0x00000000b7134028,0x00000000b7180000)
 Metaspace       used 88545K, committed 90432K, reserved 1179648K
  class space    used 9093K, committed 9984K, reserved 1048576K
}
Event: 1303.960 GC heap before
{Heap before GC invocations=1405 (full 5):
 PSYoungGen      total 4608K, used 3114K [0x00000000d5580000, 0x00000000d5b80000, 0x0000000100000000)
  eden space 2560K, 100% used [0x00000000d5580000,0x00000000d5800000,0x00000000d5800000)
  from space 2048K, 27% used [0x00000000d5800000,0x00000000d588a910,0x00000000d5a00000)
  to   space 1024K, 0% used [0x00000000d5a80000,0x00000000d5a80000,0x00000000d5b80000)
 ParOldGen       total 902656K, used 902352K [0x0000000080000000, 0x00000000b7180000, 0x00000000d5580000)
  object space 902656K, 99% used [0x0000000080000000,0x00000000b7134028,0x00000000b7180000)
 Metaspace       used 88545K, committed 90432K, reserved 1179648K
  class space    used 9093K, committed 9984K, reserved 1048576K
}
Event: 1303.963 GC heap after
{Heap after GC invocations=1405 (full 5):
 PSYoungGen      total 3584K, used 320K [0x00000000d5580000, 0x00000000d5b00000, 0x0000000100000000)
  eden space 3072K, 0% used [0x00000000d5580000,0x00000000d5580000,0x00000000d5880000)
  from space 512K, 62% used [0x00000000d5a80000,0x00000000d5ad0000,0x00000000d5b00000)
  to   space 512K, 0% used [0x00000000d5a00000,0x00000000d5a00000,0x00000000d5a80000)
 ParOldGen       total 903168K, used 902812K [0x0000000080000000, 0x00000000b7200000, 0x00000000d5580000)
  object space 903168K, 99% used [0x0000000080000000,0x00000000b71a7238,0x00000000b7200000)
 Metaspace       used 88545K, committed 90432K, reserved 1179648K
  class space    used 9093K, committed 9984K, reserved 1048576K
}
Event: 1303.973 GC heap before
{Heap before GC invocations=1406 (full 5):
 PSYoungGen      total 3584K, used 3392K [0x00000000d5580000, 0x00000000d5b00000, 0x0000000100000000)
  eden space 3072K, 100% used [0x00000000d5580000,0x00000000d5880000,0x00000000d5880000)
  from space 512K, 62% used [0x00000000d5a80000,0x00000000d5ad0000,0x00000000d5b00000)
  to   space 512K, 0% used [0x00000000d5a00000,0x00000000d5a00000,0x00000000d5a80000)
 ParOldGen       total 903168K, used 902812K [0x0000000080000000, 0x00000000b7200000, 0x00000000d5580000)
  object space 903168K, 99% used [0x0000000080000000,0x00000000b71a7238,0x00000000b7200000)
 Metaspace       used 88545K, committed 90432K, reserved 1179648K
  class space    used 9093K, committed 9984K, reserved 1048576K
}
Event: 1303.976 GC heap after
{Heap after GC invocations=1406 (full 5):
 PSYoungGen      total 4608K, used 484K [0x00000000d5580000, 0x00000000d5b80000, 0x0000000100000000)
  eden space 4096K, 0% used [0x00000000d5580000,0x00000000d5580000,0x00000000d5980000)
  from space 512K, 94% used [0x00000000d5a00000,0x00000000d5a79210,0x00000000d5a80000)
  to   space 1024K, 0% used [0x00000000d5a80000,0x00000000d5a80000,0x00000000d5b80000)
 ParOldGen       total 903168K, used 903132K [0x0000000080000000, 0x00000000b7200000, 0x00000000d5580000)
  object space 903168K, 99% used [0x0000000080000000,0x00000000b71f7238,0x00000000b7200000)
 Metaspace       used 88545K, committed 90432K, reserved 1179648K
  class space    used 9093K, committed 9984K, reserved 1048576K
}

